{"/Users/pavery/dev/recipes/csv_to_json.ts": {"path":"/Users/pavery/dev/recipes/csv_to_json.ts","all":true,"statementMap":{"0":{"start":{"line":1,"column":0},"end":{"line":1,"column":35}},"1":{"start":{"line":2,"column":0},"end":{"line":2,"column":20}},"2":{"start":{"line":3,"column":0},"end":{"line":3,"column":32}},"18":{"start":{"line":19,"column":0},"end":{"line":19,"column":9}},"20":{"start":{"line":21,"column":0},"end":{"line":21,"column":64}},"21":{"start":{"line":22,"column":0},"end":{"line":22,"column":69}},"34":{"start":{"line":35,"column":0},"end":{"line":35,"column":55}},"36":{"start":{"line":37,"column":0},"end":{"line":37,"column":33}},"37":{"start":{"line":38,"column":0},"end":{"line":38,"column":35}},"40":{"start":{"line":41,"column":0},"end":{"line":41,"column":33}},"41":{"start":{"line":42,"column":0},"end":{"line":42,"column":56}},"42":{"start":{"line":43,"column":0},"end":{"line":43,"column":9}},"43":{"start":{"line":44,"column":0},"end":{"line":44,"column":72}},"44":{"start":{"line":45,"column":0},"end":{"line":45,"column":52}},"45":{"start":{"line":46,"column":0},"end":{"line":46,"column":21}},"46":{"start":{"line":47,"column":0},"end":{"line":47,"column":48}},"47":{"start":{"line":48,"column":0},"end":{"line":48,"column":5}},"48":{"start":{"line":49,"column":0},"end":{"line":49,"column":10}},"49":{"start":{"line":50,"column":0},"end":{"line":50,"column":90}},"50":{"start":{"line":51,"column":0},"end":{"line":51,"column":3}},"53":{"start":{"line":54,"column":0},"end":{"line":54,"column":32}},"56":{"start":{"line":57,"column":0},"end":{"line":57,"column":31}},"57":{"start":{"line":58,"column":0},"end":{"line":58,"column":22}},"58":{"start":{"line":59,"column":0},"end":{"line":59,"column":35}},"60":{"start":{"line":61,"column":0},"end":{"line":61,"column":38}},"63":{"start":{"line":64,"column":0},"end":{"line":64,"column":35}},"64":{"start":{"line":65,"column":0},"end":{"line":65,"column":7}},"65":{"start":{"line":66,"column":0},"end":{"line":66,"column":6}},"66":{"start":{"line":67,"column":0},"end":{"line":67,"column":28}},"67":{"start":{"line":68,"column":0},"end":{"line":68,"column":97}},"68":{"start":{"line":69,"column":0},"end":{"line":69,"column":30}},"69":{"start":{"line":70,"column":0},"end":{"line":70,"column":27}},"70":{"start":{"line":71,"column":0},"end":{"line":71,"column":7}},"72":{"start":{"line":73,"column":0},"end":{"line":73,"column":1}},"76":{"start":{"line":77,"column":0},"end":{"line":77,"column":38}}},"s":{"0":0,"1":0,"2":0,"18":0,"20":0,"21":0,"34":0,"36":0,"37":0,"40":0,"41":0,"42":0,"43":0,"44":0,"45":0,"46":0,"47":0,"48":0,"49":0,"50":0,"53":0,"56":0,"57":0,"58":0,"60":0,"63":0,"64":0,"65":0,"66":0,"67":0,"68":0,"69":0,"70":0,"72":0,"76":0},"branchMap":{"0":{"type":"branch","line":1,"loc":{"start":{"line":1,"column":2139},"end":{"line":77,"column":38}},"locations":[{"start":{"line":1,"column":2139},"end":{"line":77,"column":38}}]}},"b":{"0":[0]},"fnMap":{"0":{"name":"(empty-report)","decl":{"start":{"line":1,"column":2139},"end":{"line":77,"column":38}},"loc":{"start":{"line":1,"column":2139},"end":{"line":77,"column":38}},"line":1}},"f":{"0":0}}
,"/Users/pavery/dev/recipes/database.ts": {"path":"/Users/pavery/dev/recipes/database.ts","all":true,"statementMap":{"0":{"start":{"line":1,"column":0},"end":{"line":1,"column":26}},"1":{"start":{"line":2,"column":0},"end":{"line":2,"column":28}},"3":{"start":{"line":4,"column":0},"end":{"line":4,"column":16}},"6":{"start":{"line":7,"column":0},"end":{"line":7,"column":18}},"7":{"start":{"line":8,"column":0},"end":{"line":8,"column":42}},"8":{"start":{"line":9,"column":0},"end":{"line":9,"column":43}},"9":{"start":{"line":10,"column":0},"end":{"line":10,"column":52}},"10":{"start":{"line":11,"column":0},"end":{"line":11,"column":42}},"11":{"start":{"line":12,"column":0},"end":{"line":12,"column":48}},"12":{"start":{"line":13,"column":0},"end":{"line":13,"column":2}},"15":{"start":{"line":16,"column":0},"end":{"line":16,"column":39}},"18":{"start":{"line":19,"column":0},"end":{"line":19,"column":40}},"19":{"start":{"line":20,"column":0},"end":{"line":20,"column":7}},"20":{"start":{"line":21,"column":0},"end":{"line":21,"column":40}},"21":{"start":{"line":22,"column":0},"end":{"line":22,"column":53}},"22":{"start":{"line":23,"column":0},"end":{"line":23,"column":54}},"23":{"start":{"line":24,"column":0},"end":{"line":24,"column":57}},"24":{"start":{"line":25,"column":0},"end":{"line":25,"column":21}},"25":{"start":{"line":26,"column":0},"end":{"line":26,"column":16}},"26":{"start":{"line":27,"column":0},"end":{"line":27,"column":19}},"27":{"start":{"line":28,"column":0},"end":{"line":28,"column":58}},"28":{"start":{"line":29,"column":0},"end":{"line":29,"column":17}},"29":{"start":{"line":30,"column":0},"end":{"line":30,"column":3}},"30":{"start":{"line":31,"column":0},"end":{"line":31,"column":1}},"33":{"start":{"line":34,"column":0},"end":{"line":34,"column":41}},"34":{"start":{"line":35,"column":0},"end":{"line":35,"column":19}},"35":{"start":{"line":36,"column":0},"end":{"line":36,"column":1}}},"s":{"0":0,"1":0,"3":0,"6":0,"7":0,"8":0,"9":0,"10":0,"11":0,"12":0,"15":0,"18":0,"19":0,"20":0,"21":0,"22":0,"23":0,"24":0,"25":0,"26":0,"27":0,"28":0,"29":0,"30":0,"33":0,"34":0,"35":0},"branchMap":{"0":{"type":"branch","line":1,"loc":{"start":{"line":1,"column":939},"end":{"line":36,"column":1}},"locations":[{"start":{"line":1,"column":939},"end":{"line":36,"column":1}}]}},"b":{"0":[0]},"fnMap":{"0":{"name":"(empty-report)","decl":{"start":{"line":1,"column":939},"end":{"line":36,"column":1}},"loc":{"start":{"line":1,"column":939},"end":{"line":36,"column":1}},"line":1}},"f":{"0":0}}
,"/Users/pavery/dev/recipes/main.ts": {"path":"/Users/pavery/dev/recipes/main.ts","all":true,"statementMap":{"0":{"start":{"line":1,"column":0},"end":{"line":1,"column":42}},"1":{"start":{"line":2,"column":0},"end":{"line":2,"column":28}},"3":{"start":{"line":4,"column":0},"end":{"line":4,"column":16}},"10":{"start":{"line":11,"column":0},"end":{"line":11,"column":23}},"11":{"start":{"line":12,"column":0},"end":{"line":12,"column":9}},"17":{"start":{"line":18,"column":0},"end":{"line":18,"column":41}},"18":{"start":{"line":19,"column":0},"end":{"line":19,"column":50}},"19":{"start":{"line":20,"column":0},"end":{"line":20,"column":11}},"21":{"start":{"line":22,"column":0},"end":{"line":22,"column":58}},"22":{"start":{"line":23,"column":0},"end":{"line":23,"column":45}},"23":{"start":{"line":24,"column":0},"end":{"line":24,"column":29}},"24":{"start":{"line":25,"column":0},"end":{"line":25,"column":71}},"25":{"start":{"line":26,"column":0},"end":{"line":26,"column":11}},"30":{"start":{"line":31,"column":0},"end":{"line":31,"column":119}},"31":{"start":{"line":32,"column":0},"end":{"line":32,"column":21}},"32":{"start":{"line":33,"column":0},"end":{"line":33,"column":90}},"33":{"start":{"line":34,"column":0},"end":{"line":34,"column":95}},"34":{"start":{"line":35,"column":0},"end":{"line":35,"column":78}},"35":{"start":{"line":36,"column":0},"end":{"line":36,"column":5}},"36":{"start":{"line":37,"column":0},"end":{"line":37,"column":1}},"38":{"start":{"line":39,"column":0},"end":{"line":39,"column":7}}},"s":{"0":0,"1":0,"3":0,"10":0,"11":0,"17":0,"18":0,"19":0,"21":0,"22":0,"23":0,"24":0,"25":0,"30":0,"31":0,"32":0,"33":0,"34":0,"35":0,"36":0,"38":0},"branchMap":{"0":{"type":"branch","line":1,"loc":{"start":{"line":1,"column":1269},"end":{"line":39,"column":7}},"locations":[{"start":{"line":1,"column":1269},"end":{"line":39,"column":7}}]}},"b":{"0":[0]},"fnMap":{"0":{"name":"(empty-report)","decl":{"start":{"line":1,"column":1269},"end":{"line":39,"column":7}},"loc":{"start":{"line":1,"column":1269},"end":{"line":39,"column":7}},"line":1}},"f":{"0":0}}
,"/Users/pavery/dev/recipes/models/Recipe.ts": {"path":"/Users/pavery/dev/recipes/models/Recipe.ts","all":true,"statementMap":{},"s":{},"branchMap":{"0":{"type":"branch","line":1,"loc":{"start":{"line":1,"column":1556},"end":{"line":64,"column":1}},"locations":[{"start":{"line":1,"column":1556},"end":{"line":64,"column":1}}]}},"b":{"0":[1]},"fnMap":{"0":{"name":"(empty-report)","decl":{"start":{"line":1,"column":1556},"end":{"line":64,"column":1}},"loc":{"start":{"line":1,"column":1556},"end":{"line":64,"column":1}},"line":1}},"f":{"0":1}}
,"/Users/pavery/dev/recipes/schemas/recipe-extraction.ts": {"path":"/Users/pavery/dev/recipes/schemas/recipe-extraction.ts","all":true,"statementMap":{"0":{"start":{"line":1,"column":0},"end":{"line":1,"column":24}},"3":{"start":{"line":4,"column":0},"end":{"line":4,"column":48}},"4":{"start":{"line":5,"column":0},"end":{"line":5,"column":49}},"5":{"start":{"line":6,"column":0},"end":{"line":6,"column":81}},"6":{"start":{"line":7,"column":0},"end":{"line":7,"column":33}},"7":{"start":{"line":8,"column":0},"end":{"line":8,"column":49}},"8":{"start":{"line":9,"column":0},"end":{"line":9,"column":85}},"9":{"start":{"line":10,"column":0},"end":{"line":10,"column":101}},"10":{"start":{"line":11,"column":0},"end":{"line":11,"column":89}},"11":{"start":{"line":12,"column":0},"end":{"line":12,"column":38}},"12":{"start":{"line":13,"column":0},"end":{"line":13,"column":82}},"13":{"start":{"line":14,"column":0},"end":{"line":14,"column":74}},"14":{"start":{"line":15,"column":0},"end":{"line":15,"column":70}},"15":{"start":{"line":16,"column":0},"end":{"line":16,"column":65}},"16":{"start":{"line":17,"column":0},"end":{"line":17,"column":96}},"17":{"start":{"line":18,"column":0},"end":{"line":18,"column":97}},"18":{"start":{"line":19,"column":0},"end":{"line":19,"column":109}},"19":{"start":{"line":20,"column":0},"end":{"line":20,"column":118}},"20":{"start":{"line":21,"column":0},"end":{"line":21,"column":3}}},"s":{"0":0,"3":0,"4":0,"5":0,"6":0,"7":0,"8":0,"9":0,"10":0,"11":0,"12":0,"13":0,"14":0,"15":0,"16":0,"17":0,"18":0,"19":0,"20":0},"branchMap":{"0":{"type":"branch","line":1,"loc":{"start":{"line":1,"column":1793},"end":{"line":36,"column":2}},"locations":[{"start":{"line":1,"column":1793},"end":{"line":36,"column":2}}]}},"b":{"0":[0]},"fnMap":{"0":{"name":"(empty-report)","decl":{"start":{"line":1,"column":1793},"end":{"line":36,"column":2}},"loc":{"start":{"line":1,"column":1793},"end":{"line":36,"column":2}},"line":1}},"f":{"0":0}}
,"/Users/pavery/dev/recipes/schemas/recipe-schema.ts": {"path":"/Users/pavery/dev/recipes/schemas/recipe-schema.ts","all":false,"statementMap":{"0":{"start":{"line":1,"column":0},"end":{"line":1,"column":24}},"3":{"start":{"line":4,"column":0},"end":{"line":4,"column":48}},"4":{"start":{"line":5,"column":0},"end":{"line":5,"column":51}},"5":{"start":{"line":6,"column":0},"end":{"line":6,"column":88}},"6":{"start":{"line":7,"column":0},"end":{"line":7,"column":106}},"7":{"start":{"line":8,"column":0},"end":{"line":8,"column":3}},"10":{"start":{"line":11,"column":0},"end":{"line":11,"column":49}},"11":{"start":{"line":12,"column":0},"end":{"line":12,"column":47}},"12":{"start":{"line":13,"column":0},"end":{"line":13,"column":75}},"13":{"start":{"line":14,"column":0},"end":{"line":14,"column":85}},"14":{"start":{"line":15,"column":0},"end":{"line":15,"column":3}},"17":{"start":{"line":18,"column":0},"end":{"line":18,"column":38}},"18":{"start":{"line":19,"column":0},"end":{"line":19,"column":49}},"19":{"start":{"line":20,"column":0},"end":{"line":20,"column":81}},"20":{"start":{"line":21,"column":0},"end":{"line":21,"column":109}},"21":{"start":{"line":22,"column":0},"end":{"line":22,"column":131}},"22":{"start":{"line":23,"column":0},"end":{"line":23,"column":84}},"23":{"start":{"line":24,"column":0},"end":{"line":24,"column":96}},"24":{"start":{"line":25,"column":0},"end":{"line":25,"column":87}},"25":{"start":{"line":26,"column":0},"end":{"line":26,"column":3}}},"s":{"0":1,"3":1,"4":1,"5":1,"6":1,"7":1,"10":1,"11":1,"12":1,"13":1,"14":1,"17":1,"18":1,"19":1,"20":1,"21":1,"22":1,"23":1,"24":1,"25":1},"branchMap":{},"b":{},"fnMap":{},"f":{}}
,"/Users/pavery/dev/recipes/schemas/validate-sample.ts": {"path":"/Users/pavery/dev/recipes/schemas/validate-sample.ts","all":true,"statementMap":{"0":{"start":{"line":1,"column":0},"end":{"line":1,"column":47}},"1":{"start":{"line":2,"column":0},"end":{"line":2,"column":58}},"4":{"start":{"line":5,"column":0},"end":{"line":5,"column":38}},"5":{"start":{"line":6,"column":0},"end":{"line":6,"column":7}},"6":{"start":{"line":7,"column":0},"end":{"line":7,"column":50}},"7":{"start":{"line":8,"column":0},"end":{"line":8,"column":43}},"8":{"start":{"line":9,"column":0},"end":{"line":9,"column":35}},"9":{"start":{"line":10,"column":0},"end":{"line":10,"column":26}},"10":{"start":{"line":11,"column":0},"end":{"line":11,"column":49}},"11":{"start":{"line":12,"column":0},"end":{"line":12,"column":51}},"12":{"start":{"line":13,"column":0},"end":{"line":13,"column":32}},"13":{"start":{"line":14,"column":0},"end":{"line":14,"column":34}},"14":{"start":{"line":15,"column":0},"end":{"line":15,"column":29}},"15":{"start":{"line":16,"column":0},"end":{"line":16,"column":7}},"16":{"start":{"line":17,"column":0},"end":{"line":17,"column":43}},"17":{"start":{"line":18,"column":0},"end":{"line":18,"column":19}},"18":{"start":{"line":19,"column":0},"end":{"line":19,"column":54}},"19":{"start":{"line":20,"column":0},"end":{"line":20,"column":33}},"20":{"start":{"line":21,"column":0},"end":{"line":21,"column":45}},"21":{"start":{"line":22,"column":0},"end":{"line":22,"column":5}},"22":{"start":{"line":23,"column":0},"end":{"line":23,"column":37}},"23":{"start":{"line":24,"column":0},"end":{"line":24,"column":3}},"24":{"start":{"line":25,"column":0},"end":{"line":25,"column":1}},"27":{"start":{"line":28,"column":0},"end":{"line":28,"column":39}},"28":{"start":{"line":29,"column":0},"end":{"line":29,"column":7}},"29":{"start":{"line":30,"column":0},"end":{"line":30,"column":35}},"30":{"start":{"line":31,"column":0},"end":{"line":31,"column":29}},"31":{"start":{"line":32,"column":0},"end":{"line":32,"column":19}},"32":{"start":{"line":33,"column":0},"end":{"line":33,"column":33}},"33":{"start":{"line":34,"column":0},"end":{"line":34,"column":27}},"34":{"start":{"line":35,"column":0},"end":{"line":35,"column":5}},"35":{"start":{"line":36,"column":0},"end":{"line":36,"column":38}},"36":{"start":{"line":37,"column":0},"end":{"line":37,"column":3}},"37":{"start":{"line":38,"column":0},"end":{"line":38,"column":1}},"40":{"start":{"line":41,"column":0},"end":{"line":41,"column":30}},"41":{"start":{"line":42,"column":0},"end":{"line":42,"column":23}},"42":{"start":{"line":43,"column":0},"end":{"line":43,"column":1}}},"s":{"0":0,"1":0,"4":0,"5":0,"6":0,"7":0,"8":0,"9":0,"10":0,"11":0,"12":0,"13":0,"14":0,"15":0,"16":0,"17":0,"18":0,"19":0,"20":0,"21":0,"22":0,"23":0,"24":0,"27":0,"28":0,"29":0,"30":0,"31":0,"32":0,"33":0,"34":0,"35":0,"36":0,"37":0,"40":0,"41":0,"42":0},"branchMap":{"0":{"type":"branch","line":1,"loc":{"start":{"line":1,"column":1253},"end":{"line":43,"column":1}},"locations":[{"start":{"line":1,"column":1253},"end":{"line":43,"column":1}}]}},"b":{"0":[0]},"fnMap":{"0":{"name":"(empty-report)","decl":{"start":{"line":1,"column":1253},"end":{"line":43,"column":1}},"loc":{"start":{"line":1,"column":1253},"end":{"line":43,"column":1}},"line":1}},"f":{"0":0}}
,"/Users/pavery/dev/recipes/services/AIService.ts": {"path":"/Users/pavery/dev/recipes/services/AIService.ts","all":false,"statementMap":{"0":{"start":{"line":1,"column":0},"end":{"line":1,"column":42}},"1":{"start":{"line":2,"column":0},"end":{"line":2,"column":36}},"2":{"start":{"line":3,"column":0},"end":{"line":3,"column":46}},"18":{"start":{"line":19,"column":0},"end":{"line":19,"column":24}},"19":{"start":{"line":20,"column":0},"end":{"line":20,"column":31}},"21":{"start":{"line":22,"column":0},"end":{"line":22,"column":32}},"22":{"start":{"line":23,"column":0},"end":{"line":23,"column":56}},"23":{"start":{"line":24,"column":0},"end":{"line":24,"column":15}},"24":{"start":{"line":25,"column":0},"end":{"line":25,"column":75}},"25":{"start":{"line":26,"column":0},"end":{"line":26,"column":5}},"27":{"start":{"line":28,"column":0},"end":{"line":28,"column":51}},"28":{"start":{"line":29,"column":0},"end":{"line":29,"column":44}},"29":{"start":{"line":30,"column":0},"end":{"line":30,"column":74}},"30":{"start":{"line":31,"column":0},"end":{"line":31,"column":5}},"32":{"start":{"line":33,"column":0},"end":{"line":33,"column":36}},"33":{"start":{"line":34,"column":0},"end":{"line":34,"column":23}},"34":{"start":{"line":35,"column":0},"end":{"line":35,"column":7}},"35":{"start":{"line":36,"column":0},"end":{"line":36,"column":3}},"40":{"start":{"line":41,"column":0},"end":{"line":41,"column":20}},"41":{"start":{"line":42,"column":0},"end":{"line":42,"column":20}},"42":{"start":{"line":43,"column":0},"end":{"line":43,"column":14}},"46":{"start":{"line":47,"column":0},"end":{"line":47,"column":10}},"47":{"start":{"line":48,"column":0},"end":{"line":48,"column":26}},"48":{"start":{"line":49,"column":0},"end":{"line":49,"column":11}},"49":{"start":{"line":50,"column":0},"end":{"line":50,"column":40}},"50":{"start":{"line":51,"column":0},"end":{"line":51,"column":23}},"51":{"start":{"line":52,"column":0},"end":{"line":52,"column":18}},"52":{"start":{"line":53,"column":0},"end":{"line":53,"column":16}},"54":{"start":{"line":55,"column":0},"end":{"line":55,"column":35}},"55":{"start":{"line":56,"column":0},"end":{"line":56,"column":40}},"56":{"start":{"line":57,"column":0},"end":{"line":57,"column":6}},"58":{"start":{"line":59,"column":0},"end":{"line":59,"column":30}},"59":{"start":{"line":60,"column":0},"end":{"line":60,"column":12}},"60":{"start":{"line":61,"column":0},"end":{"line":61,"column":28}},"61":{"start":{"line":62,"column":0},"end":{"line":62,"column":14}},"62":{"start":{"line":63,"column":0},"end":{"line":63,"column":6}},"64":{"start":{"line":65,"column":0},"end":{"line":65,"column":23}},"65":{"start":{"line":66,"column":0},"end":{"line":66,"column":40}},"66":{"start":{"line":67,"column":0},"end":{"line":67,"column":5}},"68":{"start":{"line":69,"column":0},"end":{"line":69,"column":9}},"69":{"start":{"line":70,"column":0},"end":{"line":70,"column":73}},"71":{"start":{"line":72,"column":0},"end":{"line":72,"column":14}},"72":{"start":{"line":73,"column":0},"end":{"line":73,"column":85}},"73":{"start":{"line":74,"column":0},"end":{"line":74,"column":33}},"74":{"start":{"line":75,"column":0},"end":{"line":75,"column":52}},"75":{"start":{"line":76,"column":0},"end":{"line":76,"column":53}},"76":{"start":{"line":77,"column":0},"end":{"line":77,"column":21}},"77":{"start":{"line":78,"column":0},"end":{"line":78,"column":8}},"78":{"start":{"line":79,"column":0},"end":{"line":79,"column":21}},"79":{"start":{"line":80,"column":0},"end":{"line":80,"column":48}},"80":{"start":{"line":81,"column":0},"end":{"line":81,"column":112}},"81":{"start":{"line":82,"column":0},"end":{"line":82,"column":5}},"82":{"start":{"line":83,"column":0},"end":{"line":83,"column":3}},"87":{"start":{"line":88,"column":0},"end":{"line":88,"column":25}},"88":{"start":{"line":89,"column":0},"end":{"line":89,"column":26}},"89":{"start":{"line":90,"column":0},"end":{"line":90,"column":14}},"93":{"start":{"line":94,"column":0},"end":{"line":94,"column":10}},"94":{"start":{"line":95,"column":0},"end":{"line":95,"column":26}},"95":{"start":{"line":96,"column":0},"end":{"line":96,"column":11}},"96":{"start":{"line":97,"column":0},"end":{"line":97,"column":40}},"97":{"start":{"line":98,"column":0},"end":{"line":98,"column":23}},"98":{"start":{"line":99,"column":0},"end":{"line":99,"column":18}},"99":{"start":{"line":100,"column":0},"end":{"line":100,"column":16}},"101":{"start":{"line":102,"column":0},"end":{"line":102,"column":30}},"102":{"start":{"line":103,"column":0},"end":{"line":103,"column":12}},"103":{"start":{"line":104,"column":0},"end":{"line":104,"column":28}},"104":{"start":{"line":105,"column":0},"end":{"line":105,"column":14}},"105":{"start":{"line":106,"column":0},"end":{"line":106,"column":6}},"107":{"start":{"line":108,"column":0},"end":{"line":108,"column":23}},"108":{"start":{"line":109,"column":0},"end":{"line":109,"column":40}},"109":{"start":{"line":110,"column":0},"end":{"line":110,"column":5}},"111":{"start":{"line":112,"column":0},"end":{"line":112,"column":9}},"112":{"start":{"line":113,"column":0},"end":{"line":113,"column":73}},"114":{"start":{"line":115,"column":0},"end":{"line":115,"column":14}},"115":{"start":{"line":116,"column":0},"end":{"line":116,"column":85}},"116":{"start":{"line":117,"column":0},"end":{"line":117,"column":33}},"117":{"start":{"line":118,"column":0},"end":{"line":118,"column":52}},"118":{"start":{"line":119,"column":0},"end":{"line":119,"column":53}},"119":{"start":{"line":120,"column":0},"end":{"line":120,"column":21}},"120":{"start":{"line":121,"column":0},"end":{"line":121,"column":8}},"121":{"start":{"line":122,"column":0},"end":{"line":122,"column":21}},"122":{"start":{"line":123,"column":0},"end":{"line":123,"column":48}},"123":{"start":{"line":124,"column":0},"end":{"line":124,"column":112}},"124":{"start":{"line":125,"column":0},"end":{"line":125,"column":5}},"125":{"start":{"line":126,"column":0},"end":{"line":126,"column":3}},"130":{"start":{"line":131,"column":0},"end":{"line":131,"column":23}},"131":{"start":{"line":132,"column":0},"end":{"line":132,"column":17}},"132":{"start":{"line":133,"column":0},"end":{"line":133,"column":19}},"133":{"start":{"line":134,"column":0},"end":{"line":134,"column":14}},"136":{"start":{"line":137,"column":0},"end":{"line":137,"column":10}},"137":{"start":{"line":138,"column":0},"end":{"line":138,"column":17}},"138":{"start":{"line":139,"column":0},"end":{"line":139,"column":134}},"141":{"start":{"line":142,"column":0},"end":{"line":142,"column":7}},"145":{"start":{"line":146,"column":0},"end":{"line":146,"column":61}},"147":{"start":{"line":148,"column":0},"end":{"line":148,"column":9}},"148":{"start":{"line":149,"column":0},"end":{"line":149,"column":42}},"149":{"start":{"line":150,"column":0},"end":{"line":150,"column":21}},"150":{"start":{"line":151,"column":0},"end":{"line":151,"column":122}},"151":{"start":{"line":152,"column":0},"end":{"line":152,"column":5}},"152":{"start":{"line":153,"column":0},"end":{"line":153,"column":3}},"157":{"start":{"line":158,"column":0},"end":{"line":158,"column":33}},"158":{"start":{"line":159,"column":0},"end":{"line":159,"column":17}},"159":{"start":{"line":160,"column":0},"end":{"line":160,"column":27}},"160":{"start":{"line":161,"column":0},"end":{"line":161,"column":14}},"164":{"start":{"line":165,"column":0},"end":{"line":165,"column":10}},"165":{"start":{"line":166,"column":0},"end":{"line":166,"column":17}},"166":{"start":{"line":167,"column":0},"end":{"line":167,"column":11}},"167":{"start":{"line":168,"column":0},"end":{"line":168,"column":40}},"168":{"start":{"line":169,"column":0},"end":{"line":169,"column":23}},"169":{"start":{"line":170,"column":0},"end":{"line":170,"column":18}},"170":{"start":{"line":171,"column":0},"end":{"line":171,"column":16}},"172":{"start":{"line":173,"column":0},"end":{"line":173,"column":9}},"173":{"start":{"line":174,"column":0},"end":{"line":174,"column":43}},"174":{"start":{"line":175,"column":0},"end":{"line":175,"column":32}},"175":{"start":{"line":176,"column":0},"end":{"line":176,"column":15}},"176":{"start":{"line":177,"column":0},"end":{"line":177,"column":65}},"178":{"start":{"line":179,"column":0},"end":{"line":179,"column":9}},"179":{"start":{"line":180,"column":0},"end":{"line":180,"column":162}},"180":{"start":{"line":181,"column":0},"end":{"line":181,"column":17}},"181":{"start":{"line":182,"column":0},"end":{"line":182,"column":9}},"183":{"start":{"line":184,"column":0},"end":{"line":184,"column":27}},"184":{"start":{"line":185,"column":0},"end":{"line":185,"column":21}},"185":{"start":{"line":186,"column":0},"end":{"line":186,"column":64}},"186":{"start":{"line":187,"column":0},"end":{"line":187,"column":120}},"187":{"start":{"line":188,"column":0},"end":{"line":188,"column":5}},"188":{"start":{"line":189,"column":0},"end":{"line":189,"column":3}},"193":{"start":{"line":194,"column":0},"end":{"line":194,"column":26}},"194":{"start":{"line":195,"column":0},"end":{"line":195,"column":27}},"195":{"start":{"line":196,"column":0},"end":{"line":196,"column":14}},"198":{"start":{"line":199,"column":0},"end":{"line":199,"column":10}},"199":{"start":{"line":200,"column":0},"end":{"line":200,"column":57}},"200":{"start":{"line":201,"column":0},"end":{"line":201,"column":70}},"202":{"start":{"line":203,"column":0},"end":{"line":203,"column":38}},"203":{"start":{"line":204,"column":0},"end":{"line":204,"column":21}},"204":{"start":{"line":205,"column":0},"end":{"line":205,"column":19}},"205":{"start":{"line":206,"column":0},"end":{"line":206,"column":7}},"206":{"start":{"line":207,"column":0},"end":{"line":207,"column":19}},"207":{"start":{"line":208,"column":0},"end":{"line":208,"column":102}},"216":{"start":{"line":217,"column":0},"end":{"line":217,"column":7}},"217":{"start":{"line":218,"column":0},"end":{"line":218,"column":6}},"218":{"start":{"line":219,"column":0},"end":{"line":219,"column":3}},"223":{"start":{"line":224,"column":0},"end":{"line":224,"column":18}},"224":{"start":{"line":225,"column":0},"end":{"line":225,"column":17}},"225":{"start":{"line":226,"column":0},"end":{"line":226,"column":28}},"226":{"start":{"line":227,"column":0},"end":{"line":227,"column":14}},"229":{"start":{"line":230,"column":0},"end":{"line":230,"column":10}},"230":{"start":{"line":231,"column":0},"end":{"line":231,"column":22}},"231":{"start":{"line":232,"column":0},"end":{"line":232,"column":105}},"233":{"start":{"line":234,"column":0},"end":{"line":234,"column":9}},"235":{"start":{"line":236,"column":0},"end":{"line":236,"column":61}},"236":{"start":{"line":237,"column":0},"end":{"line":237,"column":28}},"237":{"start":{"line":238,"column":0},"end":{"line":238,"column":3}},"242":{"start":{"line":243,"column":0},"end":{"line":243,"column":18}},"243":{"start":{"line":244,"column":0},"end":{"line":244,"column":17}},"244":{"start":{"line":245,"column":0},"end":{"line":245,"column":27}},"245":{"start":{"line":246,"column":0},"end":{"line":246,"column":14}},"248":{"start":{"line":249,"column":0},"end":{"line":249,"column":10}},"249":{"start":{"line":250,"column":0},"end":{"line":250,"column":22}},"250":{"start":{"line":251,"column":0},"end":{"line":251,"column":77}},"252":{"start":{"line":253,"column":0},"end":{"line":253,"column":9}},"254":{"start":{"line":255,"column":0},"end":{"line":255,"column":61}},"255":{"start":{"line":256,"column":0},"end":{"line":256,"column":28}},"256":{"start":{"line":257,"column":0},"end":{"line":257,"column":3}},"261":{"start":{"line":262,"column":0},"end":{"line":262,"column":27}},"262":{"start":{"line":263,"column":0},"end":{"line":263,"column":43}},"263":{"start":{"line":264,"column":0},"end":{"line":264,"column":3}},"264":{"start":{"line":265,"column":0},"end":{"line":265,"column":1}},"267":{"start":{"line":268,"column":0},"end":{"line":268,"column":40}},"269":{"start":{"line":270,"column":0},"end":{"line":270,"column":43}},"270":{"start":{"line":271,"column":0},"end":{"line":271,"column":20}},"271":{"start":{"line":272,"column":0},"end":{"line":272,"column":33}},"272":{"start":{"line":273,"column":0},"end":{"line":273,"column":3}},"273":{"start":{"line":274,"column":0},"end":{"line":274,"column":20}},"274":{"start":{"line":275,"column":0},"end":{"line":275,"column":1}}},"s":{"0":1,"1":1,"2":1,"18":1,"19":1,"21":1,"22":1,"23":1,"24":0,"25":0,"27":1,"28":1,"29":0,"30":0,"32":1,"33":1,"34":1,"35":1,"40":1,"41":0,"42":0,"46":0,"47":0,"48":0,"49":0,"50":0,"51":0,"52":0,"54":0,"55":0,"56":0,"58":0,"59":0,"60":0,"61":0,"62":0,"64":0,"65":0,"66":0,"68":0,"69":0,"71":0,"72":0,"73":0,"74":0,"75":0,"76":0,"77":0,"78":0,"79":0,"80":0,"81":0,"82":0,"87":1,"88":0,"89":0,"93":0,"94":0,"95":0,"96":0,"97":0,"98":0,"99":0,"101":0,"102":0,"103":0,"104":0,"105":0,"107":0,"108":0,"109":0,"111":0,"112":0,"114":0,"115":0,"116":0,"117":0,"118":0,"119":0,"120":0,"121":0,"122":0,"123":0,"124":0,"125":0,"130":1,"131":0,"132":0,"133":0,"136":0,"137":0,"138":0,"141":0,"145":0,"147":0,"148":0,"149":0,"150":0,"151":0,"152":0,"157":1,"158":0,"159":0,"160":0,"164":0,"165":0,"166":0,"167":0,"168":0,"169":0,"170":0,"172":0,"173":0,"174":0,"175":0,"176":0,"178":0,"179":0,"180":0,"181":0,"183":0,"184":0,"185":0,"186":0,"187":0,"188":0,"193":1,"194":0,"195":0,"198":0,"199":0,"200":0,"202":0,"203":0,"204":0,"205":0,"206":0,"207":0,"216":0,"217":0,"218":0,"223":1,"224":0,"225":0,"226":0,"229":0,"230":0,"231":0,"233":0,"235":0,"236":0,"237":0,"242":1,"243":0,"244":0,"245":0,"248":0,"249":0,"250":0,"252":0,"254":0,"255":0,"256":0,"261":1,"262":0,"263":0,"264":1,"267":1,"269":1,"270":2,"271":1,"272":1,"273":2,"274":2},"branchMap":{"0":{"type":"branch","line":19,"loc":{"start":{"line":19,"column":23},"end":{"line":265,"column":1}},"locations":[{"start":{"line":19,"column":23},"end":{"line":265,"column":1}}]},"1":{"type":"branch","line":22,"loc":{"start":{"line":22,"column":2},"end":{"line":36,"column":3}},"locations":[{"start":{"line":22,"column":2},"end":{"line":36,"column":3}}]},"2":{"type":"branch","line":24,"loc":{"start":{"line":24,"column":14},"end":{"line":26,"column":5}},"locations":[{"start":{"line":24,"column":14},"end":{"line":26,"column":5}}]},"3":{"type":"branch","line":29,"loc":{"start":{"line":29,"column":43},"end":{"line":31,"column":5}},"locations":[{"start":{"line":29,"column":43},"end":{"line":31,"column":5}}]},"4":{"type":"branch","line":270,"loc":{"start":{"line":270,"column":7},"end":{"line":275,"column":1}},"locations":[{"start":{"line":270,"column":7},"end":{"line":275,"column":1}}]},"5":{"type":"branch","line":271,"loc":{"start":{"line":271,"column":19},"end":{"line":273,"column":3}},"locations":[{"start":{"line":271,"column":19},"end":{"line":273,"column":3}}]}},"b":{"0":[1],"1":[1],"2":[0],"3":[0],"4":[2],"5":[1]},"fnMap":{"0":{"name":"<instance_members_initializer>","decl":{"start":{"line":19,"column":23},"end":{"line":265,"column":1}},"loc":{"start":{"line":19,"column":23},"end":{"line":265,"column":1}},"line":19},"1":{"name":"AIService","decl":{"start":{"line":22,"column":2},"end":{"line":36,"column":3}},"loc":{"start":{"line":22,"column":2},"end":{"line":36,"column":3}},"line":22},"2":{"name":"sendMessage","decl":{"start":{"line":41,"column":2},"end":{"line":83,"column":3}},"loc":{"start":{"line":41,"column":2},"end":{"line":83,"column":3}},"line":41},"3":{"name":"sendConversation","decl":{"start":{"line":88,"column":2},"end":{"line":126,"column":3}},"loc":{"start":{"line":88,"column":2},"end":{"line":126,"column":3}},"line":88},"4":{"name":"extractData","decl":{"start":{"line":131,"column":2},"end":{"line":153,"column":3}},"loc":{"start":{"line":131,"column":2},"end":{"line":153,"column":3}},"line":131},"5":{"name":"extractStructuredData","decl":{"start":{"line":158,"column":2},"end":{"line":189,"column":3}},"loc":{"start":{"line":158,"column":2},"end":{"line":189,"column":3}},"line":158},"6":{"name":"extractRecipeData","decl":{"start":{"line":194,"column":2},"end":{"line":219,"column":3}},"loc":{"start":{"line":194,"column":2},"end":{"line":219,"column":3}},"line":194},"7":{"name":"summarize","decl":{"start":{"line":224,"column":2},"end":{"line":238,"column":3}},"loc":{"start":{"line":224,"column":2},"end":{"line":238,"column":3}},"line":224},"8":{"name":"translate","decl":{"start":{"line":243,"column":2},"end":{"line":257,"column":3}},"loc":{"start":{"line":243,"column":2},"end":{"line":257,"column":3}},"line":243},"9":{"name":"isConfigured","decl":{"start":{"line":262,"column":2},"end":{"line":264,"column":3}},"loc":{"start":{"line":262,"column":2},"end":{"line":264,"column":3}},"line":262},"10":{"name":"getAIService","decl":{"start":{"line":270,"column":7},"end":{"line":275,"column":1}},"loc":{"start":{"line":270,"column":7},"end":{"line":275,"column":1}},"line":270}},"f":{"0":1,"1":1,"2":0,"3":0,"4":0,"5":0,"6":0,"7":0,"8":0,"9":0,"10":2}}
,"/Users/pavery/dev/recipes/services/IngredientService.ts": {"path":"/Users/pavery/dev/recipes/services/IngredientService.ts","all":true,"statementMap":{"0":{"start":{"line":1,"column":0},"end":{"line":1,"column":35}},"3":{"start":{"line":4,"column":0},"end":{"line":4,"column":32}},"6":{"start":{"line":7,"column":0},"end":{"line":7,"column":120}},"7":{"start":{"line":8,"column":0},"end":{"line":8,"column":19}},"13":{"start":{"line":14,"column":0},"end":{"line":14,"column":82}},"14":{"start":{"line":15,"column":0},"end":{"line":15,"column":51}},"15":{"start":{"line":16,"column":0},"end":{"line":16,"column":53}},"16":{"start":{"line":17,"column":0},"end":{"line":17,"column":3}},"19":{"start":{"line":20,"column":0},"end":{"line":20,"column":74}},"20":{"start":{"line":21,"column":0},"end":{"line":21,"column":60}},"21":{"start":{"line":22,"column":0},"end":{"line":22,"column":49}},"23":{"start":{"line":24,"column":0},"end":{"line":24,"column":35}},"24":{"start":{"line":25,"column":0},"end":{"line":25,"column":18}},"25":{"start":{"line":26,"column":0},"end":{"line":26,"column":5}},"27":{"start":{"line":28,"column":0},"end":{"line":28,"column":53}},"28":{"start":{"line":29,"column":0},"end":{"line":29,"column":3}},"31":{"start":{"line":32,"column":0},"end":{"line":32,"column":78}},"32":{"start":{"line":33,"column":0},"end":{"line":33,"column":62}},"33":{"start":{"line":34,"column":0},"end":{"line":34,"column":51}},"35":{"start":{"line":36,"column":0},"end":{"line":36,"column":35}},"36":{"start":{"line":37,"column":0},"end":{"line":37,"column":18}},"37":{"start":{"line":38,"column":0},"end":{"line":38,"column":5}},"39":{"start":{"line":40,"column":0},"end":{"line":40,"column":53}},"40":{"start":{"line":41,"column":0},"end":{"line":41,"column":3}},"43":{"start":{"line":44,"column":0},"end":{"line":44,"column":101}},"44":{"start":{"line":45,"column":0},"end":{"line":45,"column":54}},"45":{"start":{"line":46,"column":0},"end":{"line":46,"column":29}},"46":{"start":{"line":47,"column":0},"end":{"line":47,"column":23}},"48":{"start":{"line":49,"column":0},"end":{"line":49,"column":19}},"49":{"start":{"line":50,"column":0},"end":{"line":50,"column":19}},"50":{"start":{"line":51,"column":0},"end":{"line":51,"column":48}},"51":{"start":{"line":52,"column":0},"end":{"line":52,"column":28}},"52":{"start":{"line":53,"column":0},"end":{"line":53,"column":5}},"54":{"start":{"line":55,"column":0},"end":{"line":55,"column":85}},"55":{"start":{"line":56,"column":0},"end":{"line":56,"column":31}},"57":{"start":{"line":58,"column":0},"end":{"line":58,"column":51}},"58":{"start":{"line":59,"column":0},"end":{"line":59,"column":66}},"59":{"start":{"line":60,"column":0},"end":{"line":60,"column":3}},"62":{"start":{"line":63,"column":0},"end":{"line":63,"column":89}},"63":{"start":{"line":64,"column":0},"end":{"line":64,"column":19}},"70":{"start":{"line":71,"column":0},"end":{"line":71,"column":71}},"71":{"start":{"line":72,"column":0},"end":{"line":72,"column":66}},"72":{"start":{"line":73,"column":0},"end":{"line":73,"column":3}},"75":{"start":{"line":76,"column":0},"end":{"line":76,"column":103}},"76":{"start":{"line":77,"column":0},"end":{"line":77,"column":32}},"77":{"start":{"line":78,"column":0},"end":{"line":78,"column":29}},"78":{"start":{"line":79,"column":0},"end":{"line":79,"column":23}},"80":{"start":{"line":81,"column":0},"end":{"line":81,"column":55}},"81":{"start":{"line":82,"column":0},"end":{"line":82,"column":48}},"82":{"start":{"line":83,"column":0},"end":{"line":83,"column":21}},"83":{"start":{"line":84,"column":0},"end":{"line":84,"column":47}},"84":{"start":{"line":85,"column":0},"end":{"line":85,"column":27}},"85":{"start":{"line":86,"column":0},"end":{"line":86,"column":7}},"86":{"start":{"line":87,"column":0},"end":{"line":87,"column":7}},"88":{"start":{"line":89,"column":0},"end":{"line":89,"column":30}},"89":{"start":{"line":90,"column":0},"end":{"line":90,"column":40}},"90":{"start":{"line":91,"column":0},"end":{"line":91,"column":5}},"92":{"start":{"line":93,"column":0},"end":{"line":93,"column":17}},"93":{"start":{"line":94,"column":0},"end":{"line":94,"column":20}},"95":{"start":{"line":96,"column":0},"end":{"line":96,"column":19}},"97":{"start":{"line":98,"column":0},"end":{"line":98,"column":31}},"98":{"start":{"line":99,"column":0},"end":{"line":99,"column":32}},"102":{"start":{"line":103,"column":0},"end":{"line":103,"column":51}},"104":{"start":{"line":105,"column":0},"end":{"line":105,"column":35}},"105":{"start":{"line":106,"column":0},"end":{"line":106,"column":18}},"106":{"start":{"line":107,"column":0},"end":{"line":107,"column":5}},"108":{"start":{"line":109,"column":0},"end":{"line":109,"column":53}},"109":{"start":{"line":110,"column":0},"end":{"line":110,"column":3}},"112":{"start":{"line":113,"column":0},"end":{"line":113,"column":63}},"113":{"start":{"line":114,"column":0},"end":{"line":114,"column":58}},"114":{"start":{"line":115,"column":0},"end":{"line":115,"column":49}},"115":{"start":{"line":116,"column":0},"end":{"line":116,"column":31}},"116":{"start":{"line":117,"column":0},"end":{"line":117,"column":3}},"119":{"start":{"line":120,"column":0},"end":{"line":120,"column":124}},"120":{"start":{"line":121,"column":0},"end":{"line":121,"column":19}},"126":{"start":{"line":127,"column":0},"end":{"line":127,"column":87}},"127":{"start":{"line":128,"column":0},"end":{"line":128,"column":51}},"128":{"start":{"line":129,"column":0},"end":{"line":129,"column":54}},"129":{"start":{"line":130,"column":0},"end":{"line":130,"column":3}},"132":{"start":{"line":133,"column":0},"end":{"line":133,"column":76}},"133":{"start":{"line":134,"column":0},"end":{"line":134,"column":61}},"134":{"start":{"line":135,"column":0},"end":{"line":135,"column":49}},"136":{"start":{"line":137,"column":0},"end":{"line":137,"column":35}},"137":{"start":{"line":138,"column":0},"end":{"line":138,"column":18}},"138":{"start":{"line":139,"column":0},"end":{"line":139,"column":5}},"140":{"start":{"line":141,"column":0},"end":{"line":141,"column":54}},"141":{"start":{"line":142,"column":0},"end":{"line":142,"column":3}},"144":{"start":{"line":145,"column":0},"end":{"line":145,"column":80}},"145":{"start":{"line":146,"column":0},"end":{"line":146,"column":63}},"146":{"start":{"line":147,"column":0},"end":{"line":147,"column":51}},"148":{"start":{"line":149,"column":0},"end":{"line":149,"column":35}},"149":{"start":{"line":150,"column":0},"end":{"line":150,"column":18}},"150":{"start":{"line":151,"column":0},"end":{"line":151,"column":5}},"152":{"start":{"line":153,"column":0},"end":{"line":153,"column":54}},"153":{"start":{"line":154,"column":0},"end":{"line":154,"column":3}},"156":{"start":{"line":157,"column":0},"end":{"line":157,"column":103}},"157":{"start":{"line":158,"column":0},"end":{"line":158,"column":55}},"158":{"start":{"line":159,"column":0},"end":{"line":159,"column":29}},"159":{"start":{"line":160,"column":0},"end":{"line":160,"column":23}},"161":{"start":{"line":162,"column":0},"end":{"line":162,"column":19}},"162":{"start":{"line":163,"column":0},"end":{"line":163,"column":19}},"163":{"start":{"line":164,"column":0},"end":{"line":164,"column":49}},"164":{"start":{"line":165,"column":0},"end":{"line":165,"column":28}},"165":{"start":{"line":166,"column":0},"end":{"line":166,"column":5}},"167":{"start":{"line":168,"column":0},"end":{"line":168,"column":85}},"168":{"start":{"line":169,"column":0},"end":{"line":169,"column":31}},"170":{"start":{"line":171,"column":0},"end":{"line":171,"column":51}},"171":{"start":{"line":172,"column":0},"end":{"line":172,"column":67}},"172":{"start":{"line":173,"column":0},"end":{"line":173,"column":3}},"175":{"start":{"line":176,"column":0},"end":{"line":176,"column":91}},"176":{"start":{"line":177,"column":0},"end":{"line":177,"column":19}},"183":{"start":{"line":184,"column":0},"end":{"line":184,"column":71}},"184":{"start":{"line":185,"column":0},"end":{"line":185,"column":67}},"185":{"start":{"line":186,"column":0},"end":{"line":186,"column":3}},"188":{"start":{"line":189,"column":0},"end":{"line":189,"column":106}},"189":{"start":{"line":190,"column":0},"end":{"line":190,"column":32}},"190":{"start":{"line":191,"column":0},"end":{"line":191,"column":29}},"191":{"start":{"line":192,"column":0},"end":{"line":192,"column":23}},"193":{"start":{"line":194,"column":0},"end":{"line":194,"column":55}},"194":{"start":{"line":195,"column":0},"end":{"line":195,"column":48}},"195":{"start":{"line":196,"column":0},"end":{"line":196,"column":21}},"196":{"start":{"line":197,"column":0},"end":{"line":197,"column":47}},"197":{"start":{"line":198,"column":0},"end":{"line":198,"column":27}},"198":{"start":{"line":199,"column":0},"end":{"line":199,"column":7}},"199":{"start":{"line":200,"column":0},"end":{"line":200,"column":7}},"201":{"start":{"line":202,"column":0},"end":{"line":202,"column":30}},"202":{"start":{"line":203,"column":0},"end":{"line":203,"column":41}},"203":{"start":{"line":204,"column":0},"end":{"line":204,"column":5}},"205":{"start":{"line":206,"column":0},"end":{"line":206,"column":17}},"206":{"start":{"line":207,"column":0},"end":{"line":207,"column":20}},"208":{"start":{"line":209,"column":0},"end":{"line":209,"column":19}},"210":{"start":{"line":211,"column":0},"end":{"line":211,"column":31}},"211":{"start":{"line":212,"column":0},"end":{"line":212,"column":32}},"215":{"start":{"line":216,"column":0},"end":{"line":216,"column":51}},"217":{"start":{"line":218,"column":0},"end":{"line":218,"column":35}},"218":{"start":{"line":219,"column":0},"end":{"line":219,"column":18}},"219":{"start":{"line":220,"column":0},"end":{"line":220,"column":5}},"221":{"start":{"line":222,"column":0},"end":{"line":222,"column":54}},"222":{"start":{"line":223,"column":0},"end":{"line":223,"column":3}},"225":{"start":{"line":226,"column":0},"end":{"line":226,"column":64}},"226":{"start":{"line":227,"column":0},"end":{"line":227,"column":59}},"227":{"start":{"line":228,"column":0},"end":{"line":228,"column":49}},"228":{"start":{"line":229,"column":0},"end":{"line":229,"column":31}},"229":{"start":{"line":230,"column":0},"end":{"line":230,"column":3}},"232":{"start":{"line":233,"column":0},"end":{"line":233,"column":114}},"233":{"start":{"line":234,"column":0},"end":{"line":234,"column":58}},"235":{"start":{"line":236,"column":0},"end":{"line":236,"column":22}},"236":{"start":{"line":237,"column":0},"end":{"line":237,"column":80}},"237":{"start":{"line":238,"column":0},"end":{"line":238,"column":5}},"239":{"start":{"line":240,"column":0},"end":{"line":240,"column":22}},"240":{"start":{"line":241,"column":0},"end":{"line":241,"column":3}},"243":{"start":{"line":244,"column":0},"end":{"line":244,"column":117}},"244":{"start":{"line":245,"column":0},"end":{"line":245,"column":60}},"246":{"start":{"line":247,"column":0},"end":{"line":247,"column":23}},"247":{"start":{"line":248,"column":0},"end":{"line":248,"column":83}},"248":{"start":{"line":249,"column":0},"end":{"line":249,"column":5}},"250":{"start":{"line":251,"column":0},"end":{"line":251,"column":23}},"251":{"start":{"line":252,"column":0},"end":{"line":252,"column":3}},"254":{"start":{"line":255,"column":0},"end":{"line":255,"column":61}},"255":{"start":{"line":256,"column":0},"end":{"line":256,"column":12}},"256":{"start":{"line":257,"column":0},"end":{"line":257,"column":17}},"257":{"start":{"line":258,"column":0},"end":{"line":258,"column":21}},"258":{"start":{"line":259,"column":0},"end":{"line":259,"column":29}},"259":{"start":{"line":260,"column":0},"end":{"line":260,"column":35}},"260":{"start":{"line":261,"column":0},"end":{"line":261,"column":33}},"261":{"start":{"line":262,"column":0},"end":{"line":262,"column":32}},"262":{"start":{"line":263,"column":0},"end":{"line":263,"column":6}},"263":{"start":{"line":264,"column":0},"end":{"line":264,"column":3}},"266":{"start":{"line":267,"column":0},"end":{"line":267,"column":63}},"267":{"start":{"line":268,"column":0},"end":{"line":268,"column":12}},"268":{"start":{"line":269,"column":0},"end":{"line":269,"column":17}},"269":{"start":{"line":270,"column":0},"end":{"line":270,"column":21}},"270":{"start":{"line":271,"column":0},"end":{"line":271,"column":37}},"271":{"start":{"line":272,"column":0},"end":{"line":272,"column":31}},"272":{"start":{"line":273,"column":0},"end":{"line":273,"column":33}},"273":{"start":{"line":274,"column":0},"end":{"line":274,"column":32}},"274":{"start":{"line":275,"column":0},"end":{"line":275,"column":6}},"275":{"start":{"line":276,"column":0},"end":{"line":276,"column":3}},"276":{"start":{"line":277,"column":0},"end":{"line":277,"column":1}}},"s":{"0":0,"3":0,"6":0,"7":0,"13":0,"14":0,"15":0,"16":0,"19":0,"20":0,"21":0,"23":0,"24":0,"25":0,"27":0,"28":0,"31":0,"32":0,"33":0,"35":0,"36":0,"37":0,"39":0,"40":0,"43":0,"44":0,"45":0,"46":0,"48":0,"49":0,"50":0,"51":0,"52":0,"54":0,"55":0,"57":0,"58":0,"59":0,"62":0,"63":0,"70":0,"71":0,"72":0,"75":0,"76":0,"77":0,"78":0,"80":0,"81":0,"82":0,"83":0,"84":0,"85":0,"86":0,"88":0,"89":0,"90":0,"92":0,"93":0,"95":0,"97":0,"98":0,"102":0,"104":0,"105":0,"106":0,"108":0,"109":0,"112":0,"113":0,"114":0,"115":0,"116":0,"119":0,"120":0,"126":0,"127":0,"128":0,"129":0,"132":0,"133":0,"134":0,"136":0,"137":0,"138":0,"140":0,"141":0,"144":0,"145":0,"146":0,"148":0,"149":0,"150":0,"152":0,"153":0,"156":0,"157":0,"158":0,"159":0,"161":0,"162":0,"163":0,"164":0,"165":0,"167":0,"168":0,"170":0,"171":0,"172":0,"175":0,"176":0,"183":0,"184":0,"185":0,"188":0,"189":0,"190":0,"191":0,"193":0,"194":0,"195":0,"196":0,"197":0,"198":0,"199":0,"201":0,"202":0,"203":0,"205":0,"206":0,"208":0,"210":0,"211":0,"215":0,"217":0,"218":0,"219":0,"221":0,"222":0,"225":0,"226":0,"227":0,"228":0,"229":0,"232":0,"233":0,"235":0,"236":0,"237":0,"239":0,"240":0,"243":0,"244":0,"246":0,"247":0,"248":0,"250":0,"251":0,"254":0,"255":0,"256":0,"257":0,"258":0,"259":0,"260":0,"261":0,"262":0,"263":0,"266":0,"267":0,"268":0,"269":0,"270":0,"271":0,"272":0,"273":0,"274":0,"275":0,"276":0},"branchMap":{"0":{"type":"branch","line":1,"loc":{"start":{"line":1,"column":8355},"end":{"line":277,"column":1}},"locations":[{"start":{"line":1,"column":8355},"end":{"line":277,"column":1}}]}},"b":{"0":[0]},"fnMap":{"0":{"name":"(empty-report)","decl":{"start":{"line":1,"column":8355},"end":{"line":277,"column":1}},"loc":{"start":{"line":1,"column":8355},"end":{"line":277,"column":1}},"line":1}},"f":{"0":0}}
,"/Users/pavery/dev/recipes/services/RecipeService.ts": {"path":"/Users/pavery/dev/recipes/services/RecipeService.ts","all":true,"statementMap":{"0":{"start":{"line":1,"column":0},"end":{"line":1,"column":35}},"2":{"start":{"line":3,"column":0},"end":{"line":3,"column":56}},"4":{"start":{"line":5,"column":0},"end":{"line":5,"column":28}},"7":{"start":{"line":8,"column":0},"end":{"line":8,"column":98}},"8":{"start":{"line":9,"column":0},"end":{"line":9,"column":40}},"10":{"start":{"line":11,"column":0},"end":{"line":11,"column":9}},"11":{"start":{"line":12,"column":0},"end":{"line":12,"column":34}},"14":{"start":{"line":15,"column":0},"end":{"line":15,"column":27}},"24":{"start":{"line":25,"column":0},"end":{"line":25,"column":28}},"25":{"start":{"line":26,"column":0},"end":{"line":26,"column":21}},"26":{"start":{"line":27,"column":0},"end":{"line":27,"column":27}},"27":{"start":{"line":28,"column":0},"end":{"line":28,"column":44}},"28":{"start":{"line":29,"column":0},"end":{"line":29,"column":33}},"29":{"start":{"line":30,"column":0},"end":{"line":30,"column":33}},"30":{"start":{"line":31,"column":0},"end":{"line":31,"column":34}},"31":{"start":{"line":32,"column":0},"end":{"line":32,"column":24}},"32":{"start":{"line":33,"column":0},"end":{"line":33,"column":26}},"33":{"start":{"line":34,"column":0},"end":{"line":34,"column":28}},"34":{"start":{"line":35,"column":0},"end":{"line":35,"column":25}},"35":{"start":{"line":36,"column":0},"end":{"line":36,"column":28}},"36":{"start":{"line":37,"column":0},"end":{"line":37,"column":26}},"37":{"start":{"line":38,"column":0},"end":{"line":38,"column":30}},"38":{"start":{"line":39,"column":0},"end":{"line":39,"column":29}},"39":{"start":{"line":40,"column":0},"end":{"line":40,"column":28}},"40":{"start":{"line":41,"column":0},"end":{"line":41,"column":36}},"41":{"start":{"line":42,"column":0},"end":{"line":42,"column":8}},"43":{"start":{"line":44,"column":0},"end":{"line":44,"column":73}},"44":{"start":{"line":45,"column":0},"end":{"line":45,"column":45}},"47":{"start":{"line":48,"column":0},"end":{"line":48,"column":64}},"48":{"start":{"line":49,"column":0},"end":{"line":49,"column":85}},"49":{"start":{"line":50,"column":0},"end":{"line":50,"column":7}},"51":{"start":{"line":52,"column":0},"end":{"line":52,"column":35}},"54":{"start":{"line":55,"column":0},"end":{"line":55,"column":62}},"55":{"start":{"line":56,"column":0},"end":{"line":56,"column":28}},"56":{"start":{"line":57,"column":0},"end":{"line":57,"column":58}},"57":{"start":{"line":58,"column":0},"end":{"line":58,"column":7}},"58":{"start":{"line":59,"column":0},"end":{"line":59,"column":28}},"60":{"start":{"line":61,"column":0},"end":{"line":61,"column":21}},"61":{"start":{"line":62,"column":0},"end":{"line":62,"column":37}},"62":{"start":{"line":63,"column":0},"end":{"line":63,"column":18}},"63":{"start":{"line":64,"column":0},"end":{"line":64,"column":15}},"64":{"start":{"line":65,"column":0},"end":{"line":65,"column":23}},"65":{"start":{"line":66,"column":0},"end":{"line":66,"column":5}},"66":{"start":{"line":67,"column":0},"end":{"line":67,"column":3}},"69":{"start":{"line":70,"column":0},"end":{"line":70,"column":60}},"70":{"start":{"line":71,"column":0},"end":{"line":71,"column":19}},"93":{"start":{"line":94,"column":0},"end":{"line":94,"column":49}},"95":{"start":{"line":96,"column":0},"end":{"line":96,"column":35}},"96":{"start":{"line":97,"column":0},"end":{"line":97,"column":18}},"97":{"start":{"line":98,"column":0},"end":{"line":98,"column":5}},"99":{"start":{"line":100,"column":0},"end":{"line":100,"column":47}},"100":{"start":{"line":101,"column":0},"end":{"line":101,"column":3}},"103":{"start":{"line":104,"column":0},"end":{"line":104,"column":91}},"104":{"start":{"line":105,"column":0},"end":{"line":105,"column":68}},"105":{"start":{"line":106,"column":0},"end":{"line":106,"column":29}},"106":{"start":{"line":107,"column":0},"end":{"line":107,"column":23}},"108":{"start":{"line":109,"column":0},"end":{"line":109,"column":32}},"109":{"start":{"line":110,"column":0},"end":{"line":110,"column":19}},"110":{"start":{"line":111,"column":0},"end":{"line":111,"column":58}},"111":{"start":{"line":112,"column":0},"end":{"line":112,"column":40}},"112":{"start":{"line":113,"column":0},"end":{"line":113,"column":5}},"114":{"start":{"line":115,"column":0},"end":{"line":115,"column":29}},"115":{"start":{"line":116,"column":0},"end":{"line":116,"column":19}},"116":{"start":{"line":117,"column":0},"end":{"line":117,"column":55}},"117":{"start":{"line":118,"column":0},"end":{"line":118,"column":37}},"118":{"start":{"line":119,"column":0},"end":{"line":119,"column":5}},"120":{"start":{"line":121,"column":0},"end":{"line":121,"column":30}},"121":{"start":{"line":122,"column":0},"end":{"line":122,"column":19}},"122":{"start":{"line":123,"column":0},"end":{"line":123,"column":56}},"123":{"start":{"line":124,"column":0},"end":{"line":124,"column":38}},"124":{"start":{"line":125,"column":0},"end":{"line":125,"column":5}},"126":{"start":{"line":127,"column":0},"end":{"line":127,"column":67}},"127":{"start":{"line":128,"column":0},"end":{"line":128,"column":19}},"128":{"start":{"line":129,"column":0},"end":{"line":129,"column":59}},"129":{"start":{"line":130,"column":0},"end":{"line":130,"column":40}},"130":{"start":{"line":131,"column":0},"end":{"line":131,"column":5}},"132":{"start":{"line":133,"column":0},"end":{"line":133,"column":33}},"133":{"start":{"line":134,"column":0},"end":{"line":134,"column":19}},"134":{"start":{"line":135,"column":0},"end":{"line":135,"column":64}},"135":{"start":{"line":136,"column":0},"end":{"line":136,"column":41}},"136":{"start":{"line":137,"column":0},"end":{"line":137,"column":5}},"138":{"start":{"line":139,"column":0},"end":{"line":139,"column":33}},"139":{"start":{"line":140,"column":0},"end":{"line":140,"column":19}},"140":{"start":{"line":141,"column":0},"end":{"line":141,"column":64}},"141":{"start":{"line":142,"column":0},"end":{"line":142,"column":41}},"142":{"start":{"line":143,"column":0},"end":{"line":143,"column":5}},"144":{"start":{"line":145,"column":0},"end":{"line":145,"column":32}},"145":{"start":{"line":146,"column":0},"end":{"line":146,"column":19}},"146":{"start":{"line":147,"column":0},"end":{"line":147,"column":55}},"147":{"start":{"line":148,"column":0},"end":{"line":148,"column":40}},"148":{"start":{"line":149,"column":0},"end":{"line":149,"column":5}},"150":{"start":{"line":151,"column":0},"end":{"line":151,"column":98}},"151":{"start":{"line":152,"column":0},"end":{"line":152,"column":31}},"154":{"start":{"line":155,"column":0},"end":{"line":155,"column":64}},"155":{"start":{"line":156,"column":0},"end":{"line":156,"column":62}},"157":{"start":{"line":158,"column":0},"end":{"line":158,"column":33}},"158":{"start":{"line":159,"column":0},"end":{"line":159,"column":16}},"159":{"start":{"line":160,"column":0},"end":{"line":160,"column":5}},"162":{"start":{"line":163,"column":0},"end":{"line":163,"column":19}},"181":{"start":{"line":182,"column":0},"end":{"line":182,"column":42}},"185":{"start":{"line":186,"column":0},"end":{"line":186,"column":67}},"188":{"start":{"line":189,"column":0},"end":{"line":189,"column":48}},"190":{"start":{"line":191,"column":0},"end":{"line":191,"column":32}},"191":{"start":{"line":192,"column":0},"end":{"line":192,"column":35}},"192":{"start":{"line":193,"column":0},"end":{"line":193,"column":58}},"193":{"start":{"line":194,"column":0},"end":{"line":194,"column":7}},"195":{"start":{"line":196,"column":0},"end":{"line":196,"column":37}},"196":{"start":{"line":197,"column":0},"end":{"line":197,"column":46}},"197":{"start":{"line":198,"column":0},"end":{"line":198,"column":70}},"198":{"start":{"line":199,"column":0},"end":{"line":199,"column":7}},"199":{"start":{"line":200,"column":0},"end":{"line":200,"column":7}},"201":{"start":{"line":202,"column":0},"end":{"line":202,"column":42}},"202":{"start":{"line":203,"column":0},"end":{"line":203,"column":3}},"205":{"start":{"line":206,"column":0},"end":{"line":206,"column":74}},"207":{"start":{"line":208,"column":0},"end":{"line":208,"column":28}},"214":{"start":{"line":215,"column":0},"end":{"line":215,"column":82}},"215":{"start":{"line":216,"column":0},"end":{"line":216,"column":62}},"217":{"start":{"line":218,"column":0},"end":{"line":218,"column":33}},"218":{"start":{"line":219,"column":0},"end":{"line":219,"column":16}},"219":{"start":{"line":220,"column":0},"end":{"line":220,"column":5}},"222":{"start":{"line":223,"column":0},"end":{"line":223,"column":19}},"245":{"start":{"line":246,"column":0},"end":{"line":246,"column":56}},"248":{"start":{"line":249,"column":0},"end":{"line":249,"column":48}},"250":{"start":{"line":251,"column":0},"end":{"line":251,"column":32}},"251":{"start":{"line":252,"column":0},"end":{"line":252,"column":35}},"252":{"start":{"line":253,"column":0},"end":{"line":253,"column":58}},"253":{"start":{"line":254,"column":0},"end":{"line":254,"column":7}},"255":{"start":{"line":256,"column":0},"end":{"line":256,"column":37}},"256":{"start":{"line":257,"column":0},"end":{"line":257,"column":46}},"257":{"start":{"line":258,"column":0},"end":{"line":258,"column":70}},"258":{"start":{"line":259,"column":0},"end":{"line":259,"column":7}},"259":{"start":{"line":260,"column":0},"end":{"line":260,"column":7}},"261":{"start":{"line":262,"column":0},"end":{"line":262,"column":42}},"262":{"start":{"line":263,"column":0},"end":{"line":263,"column":3}},"265":{"start":{"line":266,"column":0},"end":{"line":266,"column":85}},"266":{"start":{"line":267,"column":0},"end":{"line":267,"column":40}},"268":{"start":{"line":269,"column":0},"end":{"line":269,"column":9}},"269":{"start":{"line":270,"column":0},"end":{"line":270,"column":34}},"271":{"start":{"line":272,"column":0},"end":{"line":272,"column":34}},"272":{"start":{"line":273,"column":0},"end":{"line":273,"column":31}},"273":{"start":{"line":274,"column":0},"end":{"line":274,"column":25}},"276":{"start":{"line":277,"column":0},"end":{"line":277,"column":57}},"277":{"start":{"line":278,"column":0},"end":{"line":278,"column":75}},"278":{"start":{"line":279,"column":0},"end":{"line":279,"column":23}},"279":{"start":{"line":280,"column":0},"end":{"line":280,"column":49}},"282":{"start":{"line":283,"column":0},"end":{"line":283,"column":39}},"283":{"start":{"line":284,"column":0},"end":{"line":284,"column":47}},"284":{"start":{"line":285,"column":0},"end":{"line":285,"column":18}},"285":{"start":{"line":286,"column":0},"end":{"line":286,"column":31}},"286":{"start":{"line":287,"column":0},"end":{"line":287,"column":11}},"287":{"start":{"line":288,"column":0},"end":{"line":288,"column":9}},"288":{"start":{"line":289,"column":0},"end":{"line":289,"column":9}},"290":{"start":{"line":291,"column":0},"end":{"line":291,"column":30}},"291":{"start":{"line":292,"column":0},"end":{"line":292,"column":21}},"292":{"start":{"line":293,"column":0},"end":{"line":293,"column":24}},"294":{"start":{"line":295,"column":0},"end":{"line":295,"column":23}},"296":{"start":{"line":297,"column":0},"end":{"line":297,"column":35}},"297":{"start":{"line":298,"column":0},"end":{"line":298,"column":36}},"301":{"start":{"line":302,"column":0},"end":{"line":302,"column":42}},"302":{"start":{"line":303,"column":0},"end":{"line":303,"column":7}},"305":{"start":{"line":306,"column":0},"end":{"line":306,"column":46}},"307":{"start":{"line":308,"column":0},"end":{"line":308,"column":88}},"310":{"start":{"line":311,"column":0},"end":{"line":311,"column":45}},"311":{"start":{"line":312,"column":0},"end":{"line":312,"column":78}},"312":{"start":{"line":313,"column":0},"end":{"line":313,"column":9}},"313":{"start":{"line":314,"column":0},"end":{"line":314,"column":7}},"315":{"start":{"line":316,"column":0},"end":{"line":316,"column":35}},"318":{"start":{"line":319,"column":0},"end":{"line":319,"column":36}},"320":{"start":{"line":321,"column":0},"end":{"line":321,"column":21}},"321":{"start":{"line":322,"column":0},"end":{"line":322,"column":37}},"322":{"start":{"line":323,"column":0},"end":{"line":323,"column":18}},"323":{"start":{"line":324,"column":0},"end":{"line":324,"column":15}},"324":{"start":{"line":325,"column":0},"end":{"line":325,"column":23}},"325":{"start":{"line":326,"column":0},"end":{"line":326,"column":5}},"326":{"start":{"line":327,"column":0},"end":{"line":327,"column":3}},"329":{"start":{"line":330,"column":0},"end":{"line":330,"column":53}},"330":{"start":{"line":331,"column":0},"end":{"line":331,"column":54}},"331":{"start":{"line":332,"column":0},"end":{"line":332,"column":49}},"332":{"start":{"line":333,"column":0},"end":{"line":333,"column":38}},"333":{"start":{"line":334,"column":0},"end":{"line":334,"column":3}},"336":{"start":{"line":337,"column":0},"end":{"line":337,"column":41}},"337":{"start":{"line":338,"column":0},"end":{"line":338,"column":19}},"348":{"start":{"line":349,"column":0},"end":{"line":349,"column":43}},"349":{"start":{"line":350,"column":0},"end":{"line":350,"column":26}},"350":{"start":{"line":351,"column":0},"end":{"line":351,"column":3}},"353":{"start":{"line":354,"column":0},"end":{"line":354,"column":127}},"354":{"start":{"line":355,"column":0},"end":{"line":355,"column":50}},"355":{"start":{"line":356,"column":0},"end":{"line":356,"column":40}},"358":{"start":{"line":359,"column":0},"end":{"line":359,"column":77}},"359":{"start":{"line":360,"column":0},"end":{"line":360,"column":60}},"360":{"start":{"line":361,"column":0},"end":{"line":361,"column":40}},"361":{"start":{"line":362,"column":0},"end":{"line":362,"column":42}},"362":{"start":{"line":363,"column":0},"end":{"line":363,"column":8}},"365":{"start":{"line":366,"column":0},"end":{"line":366,"column":31}},"366":{"start":{"line":367,"column":0},"end":{"line":367,"column":41}},"367":{"start":{"line":368,"column":0},"end":{"line":368,"column":81}},"368":{"start":{"line":369,"column":0},"end":{"line":369,"column":38}},"369":{"start":{"line":370,"column":0},"end":{"line":370,"column":46}},"370":{"start":{"line":371,"column":0},"end":{"line":371,"column":42}},"371":{"start":{"line":372,"column":0},"end":{"line":372,"column":10}},"372":{"start":{"line":373,"column":0},"end":{"line":373,"column":45}},"373":{"start":{"line":374,"column":0},"end":{"line":374,"column":7}},"376":{"start":{"line":377,"column":0},"end":{"line":377,"column":21}},"381":{"start":{"line":382,"column":0},"end":{"line":382,"column":33}},"382":{"start":{"line":383,"column":0},"end":{"line":383,"column":17}},"383":{"start":{"line":384,"column":0},"end":{"line":384,"column":28}},"384":{"start":{"line":385,"column":0},"end":{"line":385,"column":22}},"385":{"start":{"line":386,"column":0},"end":{"line":386,"column":26}},"386":{"start":{"line":387,"column":0},"end":{"line":387,"column":25}},"387":{"start":{"line":388,"column":0},"end":{"line":388,"column":39}},"388":{"start":{"line":389,"column":0},"end":{"line":389,"column":9}},"389":{"start":{"line":390,"column":0},"end":{"line":390,"column":5}},"390":{"start":{"line":391,"column":0},"end":{"line":391,"column":3}},"393":{"start":{"line":394,"column":0},"end":{"line":394,"column":57}},"394":{"start":{"line":395,"column":0},"end":{"line":395,"column":28}},"395":{"start":{"line":396,"column":0},"end":{"line":396,"column":63}},"396":{"start":{"line":397,"column":0},"end":{"line":397,"column":5}},"398":{"start":{"line":399,"column":0},"end":{"line":399,"column":29}},"399":{"start":{"line":400,"column":0},"end":{"line":400,"column":28}},"400":{"start":{"line":401,"column":0},"end":{"line":401,"column":22}},"401":{"start":{"line":402,"column":0},"end":{"line":402,"column":28}},"402":{"start":{"line":403,"column":0},"end":{"line":403,"column":40}},"403":{"start":{"line":404,"column":0},"end":{"line":404,"column":22}},"404":{"start":{"line":405,"column":0},"end":{"line":405,"column":48}},"405":{"start":{"line":406,"column":0},"end":{"line":406,"column":52}},"406":{"start":{"line":407,"column":0},"end":{"line":407,"column":52}},"407":{"start":{"line":408,"column":0},"end":{"line":408,"column":54}},"408":{"start":{"line":409,"column":0},"end":{"line":409,"column":34}},"409":{"start":{"line":410,"column":0},"end":{"line":410,"column":38}},"410":{"start":{"line":411,"column":0},"end":{"line":411,"column":42}},"411":{"start":{"line":412,"column":0},"end":{"line":412,"column":36}},"412":{"start":{"line":413,"column":0},"end":{"line":413,"column":42}},"413":{"start":{"line":414,"column":0},"end":{"line":414,"column":38}},"414":{"start":{"line":415,"column":0},"end":{"line":415,"column":46}},"415":{"start":{"line":416,"column":0},"end":{"line":416,"column":44}},"416":{"start":{"line":417,"column":0},"end":{"line":417,"column":42}},"417":{"start":{"line":418,"column":0},"end":{"line":418,"column":60}},"418":{"start":{"line":419,"column":0},"end":{"line":419,"column":38}},"419":{"start":{"line":420,"column":0},"end":{"line":420,"column":37}},"420":{"start":{"line":421,"column":0},"end":{"line":421,"column":6}},"423":{"start":{"line":424,"column":0},"end":{"line":424,"column":25}},"424":{"start":{"line":425,"column":0},"end":{"line":425,"column":37}},"425":{"start":{"line":426,"column":0},"end":{"line":426,"column":70}},"426":{"start":{"line":427,"column":0},"end":{"line":427,"column":7}},"427":{"start":{"line":428,"column":0},"end":{"line":428,"column":7}},"429":{"start":{"line":430,"column":0},"end":{"line":430,"column":18}},"430":{"start":{"line":431,"column":0},"end":{"line":431,"column":3}},"433":{"start":{"line":434,"column":0},"end":{"line":434,"column":73}},"434":{"start":{"line":435,"column":0},"end":{"line":435,"column":48}},"435":{"start":{"line":436,"column":0},"end":{"line":436,"column":35}},"436":{"start":{"line":437,"column":0},"end":{"line":437,"column":24}},"437":{"start":{"line":438,"column":0},"end":{"line":438,"column":39}},"438":{"start":{"line":439,"column":0},"end":{"line":439,"column":41}},"439":{"start":{"line":440,"column":0},"end":{"line":440,"column":25}},"440":{"start":{"line":441,"column":0},"end":{"line":441,"column":23}},"441":{"start":{"line":442,"column":0},"end":{"line":442,"column":35}},"442":{"start":{"line":443,"column":0},"end":{"line":443,"column":32}},"443":{"start":{"line":444,"column":0},"end":{"line":444,"column":6}},"446":{"start":{"line":447,"column":0},"end":{"line":447,"column":30}},"447":{"start":{"line":448,"column":0},"end":{"line":448,"column":37}},"448":{"start":{"line":449,"column":0},"end":{"line":449,"column":30}},"449":{"start":{"line":450,"column":0},"end":{"line":450,"column":34}},"450":{"start":{"line":451,"column":0},"end":{"line":451,"column":42}},"451":{"start":{"line":452,"column":0},"end":{"line":452,"column":47}},"452":{"start":{"line":453,"column":0},"end":{"line":453,"column":8}},"453":{"start":{"line":454,"column":0},"end":{"line":454,"column":5}},"456":{"start":{"line":457,"column":0},"end":{"line":457,"column":31}},"457":{"start":{"line":458,"column":0},"end":{"line":458,"column":38}},"458":{"start":{"line":459,"column":0},"end":{"line":459,"column":31}},"459":{"start":{"line":460,"column":0},"end":{"line":460,"column":35}},"460":{"start":{"line":461,"column":0},"end":{"line":461,"column":51}},"461":{"start":{"line":462,"column":0},"end":{"line":462,"column":44}},"462":{"start":{"line":463,"column":0},"end":{"line":463,"column":8}},"463":{"start":{"line":464,"column":0},"end":{"line":464,"column":5}},"465":{"start":{"line":466,"column":0},"end":{"line":466,"column":28}},"466":{"start":{"line":467,"column":0},"end":{"line":467,"column":3}},"469":{"start":{"line":470,"column":0},"end":{"line":470,"column":53}},"470":{"start":{"line":471,"column":0},"end":{"line":471,"column":12}},"471":{"start":{"line":472,"column":0},"end":{"line":472,"column":17}},"472":{"start":{"line":473,"column":0},"end":{"line":473,"column":23}},"473":{"start":{"line":474,"column":0},"end":{"line":474,"column":35}},"474":{"start":{"line":475,"column":0},"end":{"line":475,"column":22}},"475":{"start":{"line":476,"column":0},"end":{"line":476,"column":43}},"476":{"start":{"line":477,"column":0},"end":{"line":477,"column":47}},"477":{"start":{"line":478,"column":0},"end":{"line":478,"column":47}},"478":{"start":{"line":479,"column":0},"end":{"line":479,"column":49}},"479":{"start":{"line":480,"column":0},"end":{"line":480,"column":29}},"480":{"start":{"line":481,"column":0},"end":{"line":481,"column":33}},"481":{"start":{"line":482,"column":0},"end":{"line":482,"column":37}},"482":{"start":{"line":483,"column":0},"end":{"line":483,"column":31}},"483":{"start":{"line":484,"column":0},"end":{"line":484,"column":37}},"484":{"start":{"line":485,"column":0},"end":{"line":485,"column":33}},"485":{"start":{"line":486,"column":0},"end":{"line":486,"column":41}},"486":{"start":{"line":487,"column":0},"end":{"line":487,"column":39}},"487":{"start":{"line":488,"column":0},"end":{"line":488,"column":37}},"488":{"start":{"line":489,"column":0},"end":{"line":489,"column":55}},"489":{"start":{"line":490,"column":0},"end":{"line":490,"column":33}},"490":{"start":{"line":491,"column":0},"end":{"line":491,"column":32}},"491":{"start":{"line":492,"column":0},"end":{"line":492,"column":6}},"492":{"start":{"line":493,"column":0},"end":{"line":493,"column":3}},"493":{"start":{"line":494,"column":0},"end":{"line":494,"column":1}}},"s":{"0":0,"2":0,"4":0,"7":0,"8":0,"10":0,"11":0,"14":0,"24":0,"25":0,"26":0,"27":0,"28":0,"29":0,"30":0,"31":0,"32":0,"33":0,"34":0,"35":0,"36":0,"37":0,"38":0,"39":0,"40":0,"41":0,"43":0,"44":0,"47":0,"48":0,"49":0,"51":0,"54":0,"55":0,"56":0,"57":0,"58":0,"60":0,"61":0,"62":0,"63":0,"64":0,"65":0,"66":0,"69":0,"70":0,"93":0,"95":0,"96":0,"97":0,"99":0,"100":0,"103":0,"104":0,"105":0,"106":0,"108":0,"109":0,"110":0,"111":0,"112":0,"114":0,"115":0,"116":0,"117":0,"118":0,"120":0,"121":0,"122":0,"123":0,"124":0,"126":0,"127":0,"128":0,"129":0,"130":0,"132":0,"133":0,"134":0,"135":0,"136":0,"138":0,"139":0,"140":0,"141":0,"142":0,"144":0,"145":0,"146":0,"147":0,"148":0,"150":0,"151":0,"154":0,"155":0,"157":0,"158":0,"159":0,"162":0,"181":0,"185":0,"188":0,"190":0,"191":0,"192":0,"193":0,"195":0,"196":0,"197":0,"198":0,"199":0,"201":0,"202":0,"205":0,"207":0,"214":0,"215":0,"217":0,"218":0,"219":0,"222":0,"245":0,"248":0,"250":0,"251":0,"252":0,"253":0,"255":0,"256":0,"257":0,"258":0,"259":0,"261":0,"262":0,"265":0,"266":0,"268":0,"269":0,"271":0,"272":0,"273":0,"276":0,"277":0,"278":0,"279":0,"282":0,"283":0,"284":0,"285":0,"286":0,"287":0,"288":0,"290":0,"291":0,"292":0,"294":0,"296":0,"297":0,"301":0,"302":0,"305":0,"307":0,"310":0,"311":0,"312":0,"313":0,"315":0,"318":0,"320":0,"321":0,"322":0,"323":0,"324":0,"325":0,"326":0,"329":0,"330":0,"331":0,"332":0,"333":0,"336":0,"337":0,"348":0,"349":0,"350":0,"353":0,"354":0,"355":0,"358":0,"359":0,"360":0,"361":0,"362":0,"365":0,"366":0,"367":0,"368":0,"369":0,"370":0,"371":0,"372":0,"373":0,"376":0,"381":0,"382":0,"383":0,"384":0,"385":0,"386":0,"387":0,"388":0,"389":0,"390":0,"393":0,"394":0,"395":0,"396":0,"398":0,"399":0,"400":0,"401":0,"402":0,"403":0,"404":0,"405":0,"406":0,"407":0,"408":0,"409":0,"410":0,"411":0,"412":0,"413":0,"414":0,"415":0,"416":0,"417":0,"418":0,"419":0,"420":0,"423":0,"424":0,"425":0,"426":0,"427":0,"429":0,"430":0,"433":0,"434":0,"435":0,"436":0,"437":0,"438":0,"439":0,"440":0,"441":0,"442":0,"443":0,"446":0,"447":0,"448":0,"449":0,"450":0,"451":0,"452":0,"453":0,"456":0,"457":0,"458":0,"459":0,"460":0,"461":0,"462":0,"463":0,"465":0,"466":0,"469":0,"470":0,"471":0,"472":0,"473":0,"474":0,"475":0,"476":0,"477":0,"478":0,"479":0,"480":0,"481":0,"482":0,"483":0,"484":0,"485":0,"486":0,"487":0,"488":0,"489":0,"490":0,"491":0,"492":0,"493":0},"branchMap":{"0":{"type":"branch","line":1,"loc":{"start":{"line":1,"column":15602},"end":{"line":494,"column":1}},"locations":[{"start":{"line":1,"column":15602},"end":{"line":494,"column":1}}]}},"b":{"0":[0]},"fnMap":{"0":{"name":"(empty-report)","decl":{"start":{"line":1,"column":15602},"end":{"line":494,"column":1}},"loc":{"start":{"line":1,"column":15602},"end":{"line":494,"column":1}},"line":1}},"f":{"0":0}}
}
